Base path: D:/Unity-64bit/Editor/Data
Cmd: initializeCompiler
Cmd: preprocess
  insize=2779 outsize=3299 ok=1
Cmd: preprocess
  insize=2164 outsize=1627 ok=1
Cmd: preprocess
  insize=4501 outsize=654 ok=1
Cmd: preprocess
  insize=2816 outsize=1420 ok=1
Cmd: preprocess
  insize=2057 outsize=1081 ok=1
Cmd: preprocess
  insize=2654 outsize=798 ok=1
Cmd: preprocess
  insize=12649 outsize=6122 ok=1
Cmd: preprocess
  insize=909 outsize=328 ok=1
Cmd: preprocess
  insize=2205 outsize=1668 ok=1
Cmd: preprocess
  insize=2831 outsize=2954 ok=1
Cmd: preprocess
  insize=2535 outsize=3058 ok=1
Cmd: preprocess
  insize=4468 outsize=671 ok=1
Cmd: preprocess
  insize=1423 outsize=608 ok=1
Cmd: preprocess
  insize=2587 outsize=2713 ok=1
Cmd: preprocess
  insize=2583 outsize=1976 ok=1
Cmd: preprocess
  insize=2543 outsize=1936 ok=1
Cmd: preprocess
  insize=2884 outsize=1475 ok=1
Cmd: preprocess
  insize=4624 outsize=806 ok=1
Cmd: preprocess
  insize=1449 outsize=634 ok=1
Cmd: preprocess
  insize=1072 outsize=361 ok=1
Cmd: preprocess
  insize=15970 outsize=4217 ok=1
Cmd: preprocess
  insize=5842 outsize=921 ok=1
Cmd: compileSnippet
  api=4 type=0 insize=1097 outsize=1874 kw=DIRECTIONAL _EMISSION pd=UNITY_ENABLE_REFLECTION_BUFFERS UNITY_USE_DITHER_MASK_FOR_ALPHABLENDED_SHADOWS UNITY_PBS_USE_BRDF1 UNITY_SPECCUBE_BOX_PROJECTION UNITY_SPECCUBE_BLENDING UNITY_ENABLE_DETAIL_NORMALMAP SHADER_API_DESKTOP UNITY_COLORSPACE_GAMMA ok=1
Cmd: compileSnippet
  api=4 type=1 insize=1097 outsize=6898 kw=DIRECTIONAL _EMISSION pd=UNITY_ENABLE_REFLECTION_BUFFERS UNITY_USE_DITHER_MASK_FOR_ALPHABLENDED_SHADOWS UNITY_PBS_USE_BRDF1 UNITY_SPECCUBE_BOX_PROJECTION UNITY_SPECCUBE_BLENDING UNITY_ENABLE_DETAIL_NORMALMAP SHADER_API_DESKTOP UNITY_COLORSPACE_GAMMA ok=1
